D:\Alps\Alps\Alps.Web.Canteen\dist\out-tsc\src\app\app.routing.js
D:\Alps\Alps\Alps.Web.Canteen\dist\out-tsc\src\app\app.routing.js.map
D:\Alps\Alps\Alps.Web.Canteen\dist\out-tsc\src\app\user\user.service.js
D:\Alps\Alps\Alps.Web.Canteen\dist\out-tsc\src\app\user\user.service.js.map
D:\Alps\Alps\Alps.Web.Canteen\dist\out-tsc\src\app\app.component.js
D:\Alps\Alps\Alps.Web.Canteen\dist\out-tsc\src\app\app.component.js.map
D:\Alps\Alps\Alps.Web.Canteen\dist\out-tsc\src\app\canteen\canteen.service.js
D:\Alps\Alps\Alps.Web.Canteen\dist\out-tsc\src\app\canteen\canteen.service.js.map
D:\Alps\Alps\Alps.Web.Canteen\dist\out-tsc\src\app\canteen\dinner-info\dinner-info.component.js
D:\Alps\Alps\Alps.Web.Canteen\dist\out-tsc\src\app\canteen\dinner-info\dinner-info.component.js.map
D:\Alps\Alps\Alps.Web.Canteen\dist\out-tsc\src\app\canteen\canteen.component.js
D:\Alps\Alps\Alps.Web.Canteen\dist\out-tsc\src\app\canteen\canteen.component.js.map
D:\Alps\Alps\Alps.Web.Canteen\dist\out-tsc\src\app\canteen\book-dinner\book-dinner.component.js
D:\Alps\Alps\Alps.Web.Canteen\dist\out-tsc\src\app\canteen\book-dinner\book-dinner.component.js.map
D:\Alps\Alps\Alps.Web.Canteen\dist\out-tsc\src\app\auth.guard.js
D:\Alps\Alps\Alps.Web.Canteen\dist\out-tsc\src\app\auth.guard.js.map
D:\Alps\Alps\Alps.Web.Canteen\dist\out-tsc\src\app\canteen\take-dinner\take-dinner.component.js
D:\Alps\Alps\Alps.Web.Canteen\dist\out-tsc\src\app\canteen\take-dinner\take-dinner.component.js.map
D:\Alps\Alps\Alps.Web.Canteen\dist\out-tsc\src\app\canteen\take-info\take-info.component.js
D:\Alps\Alps\Alps.Web.Canteen\dist\out-tsc\src\app\canteen\take-info\take-info.component.js.map
D:\Alps\Alps\Alps.Web.Canteen\dist\out-tsc\src\app\canteen\book-info\book-info.component.js
D:\Alps\Alps\Alps.Web.Canteen\dist\out-tsc\src\app\canteen\book-info\book-info.component.js.map
D:\Alps\Alps\Alps.Web.Canteen\dist\out-tsc\src\app\canteen\settlement\settlement.component.js
D:\Alps\Alps\Alps.Web.Canteen\dist\out-tsc\src\app\canteen\settlement\settlement.component.js.map
D:\Alps\Alps\Alps.Web.Canteen\dist\out-tsc\src\app\canteen\monthly-statement\monthly-statement.component.js
D:\Alps\Alps\Alps.Web.Canteen\dist\out-tsc\src\app\canteen\monthly-statement\monthly-statement.component.js.map
D:\Alps\Alps\Alps.Web.Canteen\dist\out-tsc\src\app\canteen\canteen-routing.module.js
D:\Alps\Alps\Alps.Web.Canteen\dist\out-tsc\src\app\canteen\canteen-routing.module.js.map
D:\Alps\Alps\Alps.Web.Canteen\dist\out-tsc\src\app\canteen\canteen.module.js
D:\Alps\Alps\Alps.Web.Canteen\dist\out-tsc\src\app\canteen\canteen.module.js.map
D:\Alps\Alps\Alps.Web.Canteen\dist\out-tsc\src\app\app.module.js
D:\Alps\Alps\Alps.Web.Canteen\dist\out-tsc\src\app\app.module.js.map
D:\Alps\Alps\Alps.Web.Canteen\dist\out-tsc\src\environments\environment.js
D:\Alps\Alps\Alps.Web.Canteen\dist\out-tsc\src\environments\environment.js.map
D:\Alps\Alps\Alps.Web.Canteen\dist\out-tsc\src\main.js
D:\Alps\Alps\Alps.Web.Canteen\dist\out-tsc\src\main.js.map
D:\Alps\Alps\Alps.Web.Canteen\dist\out-tsc\src\polyfills.js
D:\Alps\Alps\Alps.Web.Canteen\dist\out-tsc\src\polyfills.js.map
D:\Alps\Alps\Alps.Web.Canteen\dist\out-tsc\src\test.js
D:\Alps\Alps\Alps.Web.Canteen\dist\out-tsc\src\test.js.map
D:\Alps\Alps\Alps.Web.Canteen\dist\out-tsc\src\environments\environment.prod.js
D:\Alps\Alps\Alps.Web.Canteen\dist\out-tsc\src\environments\environment.prod.js.map
D:\Alps\Alps\Alps.Web.Canteen\dist\out-tsc\src\app\app.component.spec.js
D:\Alps\Alps\Alps.Web.Canteen\dist\out-tsc\src\app\app.component.spec.js.map
D:\Alps\Alps\Alps.Web.Canteen\dist\out-tsc\src\app\auth.guard.spec.js
D:\Alps\Alps\Alps.Web.Canteen\dist\out-tsc\src\app\auth.guard.spec.js.map
D:\Alps\Alps\Alps.Web.Canteen\dist\out-tsc\src\app\user\user-info\user-info.component.js
D:\Alps\Alps\Alps.Web.Canteen\dist\out-tsc\src\app\user\user-info\user-info.component.js.map
D:\Alps\Alps\Alps.Web.Canteen\dist\out-tsc\src\app\user\login\login.component.js
D:\Alps\Alps\Alps.Web.Canteen\dist\out-tsc\src\app\user\login\login.component.js.map
D:\Alps\Alps\Alps.Web.Canteen\dist\out-tsc\src\app\user\user.component.js
D:\Alps\Alps\Alps.Web.Canteen\dist\out-tsc\src\app\user\user.component.js.map
D:\Alps\Alps\Alps.Web.Canteen\dist\out-tsc\src\app\user\diner-edit\diner-edit.component.js
D:\Alps\Alps\Alps.Web.Canteen\dist\out-tsc\src\app\user\diner-edit\diner-edit.component.js.map
D:\Alps\Alps\Alps.Web.Canteen\dist\out-tsc\src\app\user\register\register.component.js
D:\Alps\Alps\Alps.Web.Canteen\dist\out-tsc\src\app\user\register\register.component.js.map
D:\Alps\Alps\Alps.Web.Canteen\dist\out-tsc\src\app\user\diner-list\diner-list.component.js
D:\Alps\Alps\Alps.Web.Canteen\dist\out-tsc\src\app\user\diner-list\diner-list.component.js.map
D:\Alps\Alps\Alps.Web.Canteen\dist\out-tsc\src\app\user\diner-bluk-update\diner-bluk-update.component.js
D:\Alps\Alps\Alps.Web.Canteen\dist\out-tsc\src\app\user\diner-bluk-update\diner-bluk-update.component.js.map
D:\Alps\Alps\Alps.Web.Canteen\dist\out-tsc\src\app\user\net-error\net-error.component.js
D:\Alps\Alps\Alps.Web.Canteen\dist\out-tsc\src\app\user\net-error\net-error.component.js.map
D:\Alps\Alps\Alps.Web.Canteen\dist\out-tsc\src\app\user\bind-diner\bind-diner.component.js
D:\Alps\Alps\Alps.Web.Canteen\dist\out-tsc\src\app\user\bind-diner\bind-diner.component.js.map
D:\Alps\Alps\Alps.Web.Canteen\dist\out-tsc\src\app\user\user-routing.module.js
D:\Alps\Alps\Alps.Web.Canteen\dist\out-tsc\src\app\user\user-routing.module.js.map
D:\Alps\Alps\Alps.Web.Canteen\dist\out-tsc\src\app\user\user.component.spec.js
D:\Alps\Alps\Alps.Web.Canteen\dist\out-tsc\src\app\user\user.component.spec.js.map
D:\Alps\Alps\Alps.Web.Canteen\dist\out-tsc\src\app\user\user.module.js
D:\Alps\Alps\Alps.Web.Canteen\dist\out-tsc\src\app\user\user.module.js.map
D:\Alps\Alps\Alps.Web.Canteen\dist\out-tsc\src\app\user\user.service.spec.js
D:\Alps\Alps\Alps.Web.Canteen\dist\out-tsc\src\app\user\user.service.spec.js.map
D:\Alps\Alps\Alps.Web.Canteen\dist\out-tsc\src\app\user\user-info\user-info.component.spec.js
D:\Alps\Alps\Alps.Web.Canteen\dist\out-tsc\src\app\user\user-info\user-info.component.spec.js.map
D:\Alps\Alps\Alps.Web.Canteen\dist\out-tsc\src\app\user\register\register.component.spec.js
D:\Alps\Alps\Alps.Web.Canteen\dist\out-tsc\src\app\user\register\register.component.spec.js.map
D:\Alps\Alps\Alps.Web.Canteen\dist\out-tsc\src\app\user\net-error\net-error.component.spec.js
D:\Alps\Alps\Alps.Web.Canteen\dist\out-tsc\src\app\user\net-error\net-error.component.spec.js.map
D:\Alps\Alps\Alps.Web.Canteen\dist\out-tsc\src\app\user\login\login.component.spec.js
D:\Alps\Alps\Alps.Web.Canteen\dist\out-tsc\src\app\user\login\login.component.spec.js.map
D:\Alps\Alps\Alps.Web.Canteen\dist\out-tsc\src\app\user\diner-list\diner-list.component.spec.js
D:\Alps\Alps\Alps.Web.Canteen\dist\out-tsc\src\app\user\diner-list\diner-list.component.spec.js.map
D:\Alps\Alps\Alps.Web.Canteen\dist\out-tsc\src\app\user\diner-edit\diner-edit.component.spec.js
D:\Alps\Alps\Alps.Web.Canteen\dist\out-tsc\src\app\user\diner-edit\diner-edit.component.spec.js.map
D:\Alps\Alps\Alps.Web.Canteen\dist\out-tsc\src\app\user\diner-bluk-update\diner-bluk-update.component.spec.js
D:\Alps\Alps\Alps.Web.Canteen\dist\out-tsc\src\app\user\diner-bluk-update\diner-bluk-update.component.spec.js.map
D:\Alps\Alps\Alps.Web.Canteen\dist\out-tsc\src\app\user\bind-diner\bind-diner.component.spec.js
D:\Alps\Alps\Alps.Web.Canteen\dist\out-tsc\src\app\user\bind-diner\bind-diner.component.spec.js.map
D:\Alps\Alps\Alps.Web.Canteen\dist\out-tsc\src\app\canteen\canteen.component.spec.js
D:\Alps\Alps\Alps.Web.Canteen\dist\out-tsc\src\app\canteen\canteen.component.spec.js.map
D:\Alps\Alps\Alps.Web.Canteen\dist\out-tsc\src\app\canteen\canteen.service.spec.js
D:\Alps\Alps\Alps.Web.Canteen\dist\out-tsc\src\app\canteen\canteen.service.spec.js.map
D:\Alps\Alps\Alps.Web.Canteen\dist\out-tsc\src\app\canteen\take-info\take-info.component.spec.js
D:\Alps\Alps\Alps.Web.Canteen\dist\out-tsc\src\app\canteen\take-info\take-info.component.spec.js.map
D:\Alps\Alps\Alps.Web.Canteen\dist\out-tsc\src\app\canteen\take-dinner\take-dinner.component.spec.js
D:\Alps\Alps\Alps.Web.Canteen\dist\out-tsc\src\app\canteen\take-dinner\take-dinner.component.spec.js.map
D:\Alps\Alps\Alps.Web.Canteen\dist\out-tsc\src\app\canteen\settlement\settlement.component.spec.js
D:\Alps\Alps\Alps.Web.Canteen\dist\out-tsc\src\app\canteen\settlement\settlement.component.spec.js.map
D:\Alps\Alps\Alps.Web.Canteen\dist\out-tsc\src\app\canteen\monthly-statement\monthly-statement.component.spec.js
D:\Alps\Alps\Alps.Web.Canteen\dist\out-tsc\src\app\canteen\monthly-statement\monthly-statement.component.spec.js.map
D:\Alps\Alps\Alps.Web.Canteen\dist\out-tsc\src\app\canteen\dinner-info\dinner-info.component.spec.js
D:\Alps\Alps\Alps.Web.Canteen\dist\out-tsc\src\app\canteen\dinner-info\dinner-info.component.spec.js.map
D:\Alps\Alps\Alps.Web.Canteen\dist\out-tsc\src\app\canteen\book-info\book-info.component.spec.js
D:\Alps\Alps\Alps.Web.Canteen\dist\out-tsc\src\app\canteen\book-info\book-info.component.spec.js.map
D:\Alps\Alps\Alps.Web.Canteen\dist\out-tsc\src\app\canteen\book-dinner\book-dinner.component.spec.js
D:\Alps\Alps\Alps.Web.Canteen\dist\out-tsc\src\app\canteen\book-dinner\book-dinner.component.spec.js.map
D:\Alps\Alps\Alps.Web.Canteen\dist\out-tsc\e2e\app.po.js
D:\Alps\Alps\Alps.Web.Canteen\dist\out-tsc\e2e\app.po.js.map
D:\Alps\Alps\Alps.Web.Canteen\dist\out-tsc\e2e\app.e2e-spec.js
D:\Alps\Alps\Alps.Web.Canteen\dist\out-tsc\e2e\app.e2e-spec.js.map
